<?xml version="1.0" encoding="UTF-8"?>
<testsuite xmlns:xsi="http://www.w3.org/2001/XMLSchema-instance" xsi:noNamespaceSchemaLocation="https://maven.apache.org/surefire/maven-surefire-plugin/xsd/surefire-test-report-3.0.xsd" version="3.0" name="com.zhiyi.module.user.service.SchoolServiceTest" time="0.013" tests="4" errors="0" skipped="0" failures="0">
  <properties>
[...]
</properties>
  <testcase name="listActiveSchoolsOnlyReturnsActiveOnes" classname="com.zhiyi.module.user.service.SchoolServiceTest" time="0.008"/>
  <testcase name="getActiveSchoolReturnsActiveSchool" classname="com.zhiyi.module.user.service.SchoolServiceTest" time="0.001"/>
  <testcase name="getActiveSchoolReturnsNullForMissingId" classname="com.zhiyi.module.user.service.SchoolServiceTest" time="0.001"/>
  <testcase name="getActiveSchoolReturnsNullForDisabledSchool" classname="com.zhiyi.module.user.service.SchoolServiceTest" time="0.001"/>
</testsuite>